info  2020-06-04T11:46:22.871 thread-0  chain_plugin.cpp:594          plugin_initialize    ] initializing chain plugin
info  2020-06-04T11:46:22.877 thread-0  chain_plugin.cpp:425          operator()           ] Support for builtin protocol feature 'PREACTIVATE_FEATURE' (with digest of '0ec7e080177b2c02b278d5088611686b49d739925a92d9bfcacd7fc6b74053bd') is enabled without activation restrictions
info  2020-06-04T11:46:22.877 thread-0  chain_plugin.cpp:412          operator()           ] Support for builtin protocol feature 'ONLY_LINK_TO_EXISTING_PERMISSION' (with digest of '1a99a59d87e06e09ec5b028a9cbb7749b4a5ad8819004365d02dc4379a8b7241') is enabled with preactivation required
info  2020-06-04T11:46:22.877 thread-0  chain_plugin.cpp:412          operator()           ] Support for builtin protocol feature 'FORWARD_SETCODE' (with digest of '2652f5f96006294109b3dd0bbde63693f55324af452b799ee137a81a905eed25') is enabled with preactivation required
info  2020-06-04T11:46:22.877 thread-0  chain_plugin.cpp:412          operator()           ] Support for builtin protocol feature 'WTMSIG_BLOCK_SIGNATURES' (with digest of '299dcb6af692324b899b39f16d5a530a33062804e41f09dc97e9f156b4476707') is enabled with preactivation required
info  2020-06-04T11:46:22.877 thread-0  chain_plugin.cpp:412          operator()           ] Support for builtin protocol feature 'REPLACE_DEFERRED' (with digest of 'ef43112c6543b88db2283a2e077278c315ae2c84719a8b25f25cc88565fbea99') is enabled with preactivation required
info  2020-06-04T11:46:22.877 thread-0  chain_plugin.cpp:412          operator()           ] Support for builtin protocol feature 'NO_DUPLICATE_DEFERRED_ID' (with digest of '4a90c00d55454dc5b059055ca213579c6ea856967712a56017487886a4d4cc0f') is enabled with preactivation required
info  2020-06-04T11:46:22.878 thread-0  chain_plugin.cpp:412          operator()           ] Support for builtin protocol feature 'RAM_RESTRICTIONS' (with digest of '4e7bf348da00a945489b2a681749eb56f5de00b900014e137ddae39f48f69d67') is enabled with preactivation required
info  2020-06-04T11:46:22.878 thread-0  chain_plugin.cpp:412          operator()           ] Support for builtin protocol feature 'WEBAUTHN_KEY' (with digest of '4fca8bd82bbd181e714e283f83e1b45d95ca5af40fb89ad3977b653c448f78c2') is enabled with preactivation required
info  2020-06-04T11:46:22.878 thread-0  chain_plugin.cpp:412          operator()           ] Support for builtin protocol feature 'DISALLOW_EMPTY_PRODUCER_SCHEDULE' (with digest of '68dcaa34c0517d19666e6b33add67351d8c5f69e999ca1e37931bc410a297428') is enabled with preactivation required
info  2020-06-04T11:46:22.878 thread-0  chain_plugin.cpp:412          operator()           ] Support for builtin protocol feature 'ONLY_BILL_FIRST_AUTHORIZER' (with digest of '8ba52fe7a3956c5cd3a656a3174b931d3bb2abb45578befc59f283ecd816a405') is enabled with preactivation required
info  2020-06-04T11:46:22.878 thread-0  chain_plugin.cpp:412          operator()           ] Support for builtin protocol feature 'RESTRICT_ACTION_TO_SELF' (with digest of 'ad9e3d8f650687709fd68f4b90b41f7d825a365b02c23a636cef88ac2ac00c43') is enabled with preactivation required
info  2020-06-04T11:46:22.878 thread-0  chain_plugin.cpp:412          operator()           ] Support for builtin protocol feature 'FIX_LINKAUTH_RESTRICTION' (with digest of 'e0fb64b1085cc5538970158d05a009c24e276fb94e1a0bf6a528b48fbc4ff526') is enabled with preactivation required
info  2020-06-04T11:46:22.878 thread-0  chain_plugin.cpp:412          operator()           ] Support for builtin protocol feature 'GET_SENDER' (with digest of 'f0af56d2c5a48d60a4a5b5c903edfb7db3a736a94ed589d0b797df33ff9d3e1d') is enabled with preactivation required
info  2020-06-04T11:46:22.880 thread-0  chain_plugin.cpp:908          plugin_initialize    ] Starting fresh blockchain state using genesis state extracted from blocks.log.
warn  2020-06-04T11:46:22.882 thread-0  chain_plugin.cpp:1093         plugin_initialize    ] 13 St13runtime_error: "reversible" database dirty flag set
rethrow "reversible" database dirty flag set: 
    {"what":"\"reversible\" database dirty flag set"}
    thread-0  chain_plugin.cpp:1093 plugin_initialize
error 2020-06-04T11:46:22.882 thread-0  main.cpp:121                  main                 ] database dirty flag set (likely due to unclean shutdown): replay required
info  2020-06-04T11:46:38.162 thread-0  chain_plugin.cpp:594          plugin_initialize    ] initializing chain plugin
info  2020-06-04T11:46:38.165 thread-0  chain_plugin.cpp:425          operator()           ] Support for builtin protocol feature 'PREACTIVATE_FEATURE' (with digest of '0ec7e080177b2c02b278d5088611686b49d739925a92d9bfcacd7fc6b74053bd') is enabled without activation restrictions
info  2020-06-04T11:46:38.165 thread-0  chain_plugin.cpp:412          operator()           ] Support for builtin protocol feature 'ONLY_LINK_TO_EXISTING_PERMISSION' (with digest of '1a99a59d87e06e09ec5b028a9cbb7749b4a5ad8819004365d02dc4379a8b7241') is enabled with preactivation required
info  2020-06-04T11:46:38.165 thread-0  chain_plugin.cpp:412          operator()           ] Support for builtin protocol feature 'FORWARD_SETCODE' (with digest of '2652f5f96006294109b3dd0bbde63693f55324af452b799ee137a81a905eed25') is enabled with preactivation required
info  2020-06-04T11:46:38.165 thread-0  chain_plugin.cpp:412          operator()           ] Support for builtin protocol feature 'WTMSIG_BLOCK_SIGNATURES' (with digest of '299dcb6af692324b899b39f16d5a530a33062804e41f09dc97e9f156b4476707') is enabled with preactivation required
info  2020-06-04T11:46:38.165 thread-0  chain_plugin.cpp:412          operator()           ] Support for builtin protocol feature 'REPLACE_DEFERRED' (with digest of 'ef43112c6543b88db2283a2e077278c315ae2c84719a8b25f25cc88565fbea99') is enabled with preactivation required
info  2020-06-04T11:46:38.165 thread-0  chain_plugin.cpp:412          operator()           ] Support for builtin protocol feature 'NO_DUPLICATE_DEFERRED_ID' (with digest of '4a90c00d55454dc5b059055ca213579c6ea856967712a56017487886a4d4cc0f') is enabled with preactivation required
info  2020-06-04T11:46:38.165 thread-0  chain_plugin.cpp:412          operator()           ] Support for builtin protocol feature 'RAM_RESTRICTIONS' (with digest of '4e7bf348da00a945489b2a681749eb56f5de00b900014e137ddae39f48f69d67') is enabled with preactivation required
info  2020-06-04T11:46:38.165 thread-0  chain_plugin.cpp:412          operator()           ] Support for builtin protocol feature 'WEBAUTHN_KEY' (with digest of '4fca8bd82bbd181e714e283f83e1b45d95ca5af40fb89ad3977b653c448f78c2') is enabled with preactivation required
info  2020-06-04T11:46:38.165 thread-0  chain_plugin.cpp:412          operator()           ] Support for builtin protocol feature 'DISALLOW_EMPTY_PRODUCER_SCHEDULE' (with digest of '68dcaa34c0517d19666e6b33add67351d8c5f69e999ca1e37931bc410a297428') is enabled with preactivation required
info  2020-06-04T11:46:38.165 thread-0  chain_plugin.cpp:412          operator()           ] Support for builtin protocol feature 'ONLY_BILL_FIRST_AUTHORIZER' (with digest of '8ba52fe7a3956c5cd3a656a3174b931d3bb2abb45578befc59f283ecd816a405') is enabled with preactivation required
info  2020-06-04T11:46:38.166 thread-0  chain_plugin.cpp:412          operator()           ] Support for builtin protocol feature 'RESTRICT_ACTION_TO_SELF' (with digest of 'ad9e3d8f650687709fd68f4b90b41f7d825a365b02c23a636cef88ac2ac00c43') is enabled with preactivation required
info  2020-06-04T11:46:38.166 thread-0  chain_plugin.cpp:412          operator()           ] Support for builtin protocol feature 'FIX_LINKAUTH_RESTRICTION' (with digest of 'e0fb64b1085cc5538970158d05a009c24e276fb94e1a0bf6a528b48fbc4ff526') is enabled with preactivation required
info  2020-06-04T11:46:38.166 thread-0  chain_plugin.cpp:412          operator()           ] Support for builtin protocol feature 'GET_SENDER' (with digest of 'f0af56d2c5a48d60a4a5b5c903edfb7db3a736a94ed589d0b797df33ff9d3e1d') is enabled with preactivation required
info  2020-06-04T11:46:38.171 thread-0  chain_plugin.cpp:908          plugin_initialize    ] Starting fresh blockchain state using genesis state extracted from blocks.log.
warn  2020-06-04T11:46:38.173 thread-0  chain_plugin.cpp:1093         plugin_initialize    ] 13 St13runtime_error: "reversible" database dirty flag set
rethrow "reversible" database dirty flag set: 
    {"what":"\"reversible\" database dirty flag set"}
    thread-0  chain_plugin.cpp:1093 plugin_initialize
error 2020-06-04T11:46:38.173 thread-0  main.cpp:121                  main                 ] database dirty flag set (likely due to unclean shutdown): replay required
info  2020-06-04T11:49:12.097 thread-0  chain_plugin.cpp:594          plugin_initialize    ] initializing chain plugin
info  2020-06-04T11:49:12.100 thread-0  chain_plugin.cpp:425          operator()           ] Support for builtin protocol feature 'PREACTIVATE_FEATURE' (with digest of '0ec7e080177b2c02b278d5088611686b49d739925a92d9bfcacd7fc6b74053bd') is enabled without activation restrictions
info  2020-06-04T11:49:12.100 thread-0  chain_plugin.cpp:412          operator()           ] Support for builtin protocol feature 'ONLY_LINK_TO_EXISTING_PERMISSION' (with digest of '1a99a59d87e06e09ec5b028a9cbb7749b4a5ad8819004365d02dc4379a8b7241') is enabled with preactivation required
info  2020-06-04T11:49:12.100 thread-0  chain_plugin.cpp:412          operator()           ] Support for builtin protocol feature 'FORWARD_SETCODE' (with digest of '2652f5f96006294109b3dd0bbde63693f55324af452b799ee137a81a905eed25') is enabled with preactivation required
info  2020-06-04T11:49:12.100 thread-0  chain_plugin.cpp:412          operator()           ] Support for builtin protocol feature 'WTMSIG_BLOCK_SIGNATURES' (with digest of '299dcb6af692324b899b39f16d5a530a33062804e41f09dc97e9f156b4476707') is enabled with preactivation required
info  2020-06-04T11:49:12.100 thread-0  chain_plugin.cpp:412          operator()           ] Support for builtin protocol feature 'REPLACE_DEFERRED' (with digest of 'ef43112c6543b88db2283a2e077278c315ae2c84719a8b25f25cc88565fbea99') is enabled with preactivation required
info  2020-06-04T11:49:12.101 thread-0  chain_plugin.cpp:412          operator()           ] Support for builtin protocol feature 'NO_DUPLICATE_DEFERRED_ID' (with digest of '4a90c00d55454dc5b059055ca213579c6ea856967712a56017487886a4d4cc0f') is enabled with preactivation required
info  2020-06-04T11:49:12.101 thread-0  chain_plugin.cpp:412          operator()           ] Support for builtin protocol feature 'RAM_RESTRICTIONS' (with digest of '4e7bf348da00a945489b2a681749eb56f5de00b900014e137ddae39f48f69d67') is enabled with preactivation required
info  2020-06-04T11:49:12.101 thread-0  chain_plugin.cpp:412          operator()           ] Support for builtin protocol feature 'WEBAUTHN_KEY' (with digest of '4fca8bd82bbd181e714e283f83e1b45d95ca5af40fb89ad3977b653c448f78c2') is enabled with preactivation required
info  2020-06-04T11:49:12.101 thread-0  chain_plugin.cpp:412          operator()           ] Support for builtin protocol feature 'DISALLOW_EMPTY_PRODUCER_SCHEDULE' (with digest of '68dcaa34c0517d19666e6b33add67351d8c5f69e999ca1e37931bc410a297428') is enabled with preactivation required
info  2020-06-04T11:49:12.101 thread-0  chain_plugin.cpp:412          operator()           ] Support for builtin protocol feature 'ONLY_BILL_FIRST_AUTHORIZER' (with digest of '8ba52fe7a3956c5cd3a656a3174b931d3bb2abb45578befc59f283ecd816a405') is enabled with preactivation required
info  2020-06-04T11:49:12.101 thread-0  chain_plugin.cpp:412          operator()           ] Support for builtin protocol feature 'RESTRICT_ACTION_TO_SELF' (with digest of 'ad9e3d8f650687709fd68f4b90b41f7d825a365b02c23a636cef88ac2ac00c43') is enabled with preactivation required
info  2020-06-04T11:49:12.101 thread-0  chain_plugin.cpp:412          operator()           ] Support for builtin protocol feature 'FIX_LINKAUTH_RESTRICTION' (with digest of 'e0fb64b1085cc5538970158d05a009c24e276fb94e1a0bf6a528b48fbc4ff526') is enabled with preactivation required
info  2020-06-04T11:49:12.101 thread-0  chain_plugin.cpp:412          operator()           ] Support for builtin protocol feature 'GET_SENDER' (with digest of 'f0af56d2c5a48d60a4a5b5c903edfb7db3a736a94ed589d0b797df33ff9d3e1d') is enabled with preactivation required
info  2020-06-04T11:49:12.104 thread-0  block_log.cpp:234             open                 ] Log is nonempty
info  2020-06-04T11:49:12.104 thread-0  block_log.cpp:261             open                 ] Index is nonempty
info  2020-06-04T11:49:12.608 thread-0  platform_timer_accurac:62     compute_and_print_ti ] Checktime timer accuracy: min:0us max:3268us mean:29us stddev:25us
info  2020-06-04T11:49:12.610 thread-0  http_plugin.cpp:715           plugin_initialize    ] configured http to listen on 127.0.0.1:8888
warn  2020-06-04T11:49:12.611 thread-0  history_plugin.cpp:317        plugin_initialize    ] --filter-on * enabled. This can fill shared_mem, causing nodeos to stop.
info  2020-06-04T11:49:12.612 thread-0  main.cpp:106                  main                 ] nodeos version v2.0.5 v2.0.5-de78b49b5765c88f4e005046d1489c3905985b94
info  2020-06-04T11:49:12.612 thread-0  main.cpp:107                  main                 ] nodeos using configuration file /Users/bstefanishin/Library/Application Support/eosio/nodeos/config/config.ini
info  2020-06-04T11:49:12.612 thread-0  main.cpp:108                  main                 ] nodeos data directory is /Users/bstefanishin/Library/Application Support/eosio/nodeos/data
error 2020-06-04T11:49:12.617 thread-0  main.cpp:125                  main                 ] 3190000 block_log_exception: Block log exception
block log (ranging from 1 to 1) does not contain the last irreversible block (124565)
    {"block_log_first_num":1,"block_log_last_num":1,"fork_db_lib":124565}
    thread-0  controller.cpp:611 startup

    {}
    thread-0  chain_plugin.cpp:1133 plugin_startup
info  2020-06-05T04:06:46.388 thread-0  chain_plugin.cpp:627          plugin_initialize    ] initializing chain plugin
info  2020-06-05T04:06:46.508 thread-0  chain_plugin.cpp:458          operator()           ] Support for builtin protocol feature 'PREACTIVATE_FEATURE' (with digest of '0ec7e080177b2c02b278d5088611686b49d739925a92d9bfcacd7fc6b74053bd') is enabled without activation restrictions
info  2020-06-05T04:06:46.508 thread-0  chain_plugin.cpp:445          operator()           ] Support for builtin protocol feature 'ONLY_LINK_TO_EXISTING_PERMISSION' (with digest of '1a99a59d87e06e09ec5b028a9cbb7749b4a5ad8819004365d02dc4379a8b7241') is enabled with preactivation required
info  2020-06-05T04:06:46.509 thread-0  chain_plugin.cpp:445          operator()           ] Support for builtin protocol feature 'FORWARD_SETCODE' (with digest of '2652f5f96006294109b3dd0bbde63693f55324af452b799ee137a81a905eed25') is enabled with preactivation required
info  2020-06-05T04:06:46.509 thread-0  chain_plugin.cpp:445          operator()           ] Support for builtin protocol feature 'WTMSIG_BLOCK_SIGNATURES' (with digest of '299dcb6af692324b899b39f16d5a530a33062804e41f09dc97e9f156b4476707') is enabled with preactivation required
info  2020-06-05T04:06:46.509 thread-0  chain_plugin.cpp:445          operator()           ] Support for builtin protocol feature 'REPLACE_DEFERRED' (with digest of 'ef43112c6543b88db2283a2e077278c315ae2c84719a8b25f25cc88565fbea99') is enabled with preactivation required
info  2020-06-05T04:06:46.509 thread-0  chain_plugin.cpp:445          operator()           ] Support for builtin protocol feature 'NO_DUPLICATE_DEFERRED_ID' (with digest of '4a90c00d55454dc5b059055ca213579c6ea856967712a56017487886a4d4cc0f') is enabled with preactivation required
info  2020-06-05T04:06:46.509 thread-0  chain_plugin.cpp:445          operator()           ] Support for builtin protocol feature 'RAM_RESTRICTIONS' (with digest of '4e7bf348da00a945489b2a681749eb56f5de00b900014e137ddae39f48f69d67') is enabled with preactivation required
info  2020-06-05T04:06:46.509 thread-0  chain_plugin.cpp:445          operator()           ] Support for builtin protocol feature 'WEBAUTHN_KEY' (with digest of '4fca8bd82bbd181e714e283f83e1b45d95ca5af40fb89ad3977b653c448f78c2') is enabled with preactivation required
info  2020-06-05T04:06:46.509 thread-0  chain_plugin.cpp:445          operator()           ] Support for builtin protocol feature 'DISALLOW_EMPTY_PRODUCER_SCHEDULE' (with digest of '68dcaa34c0517d19666e6b33add67351d8c5f69e999ca1e37931bc410a297428') is enabled with preactivation required
info  2020-06-05T04:06:46.509 thread-0  chain_plugin.cpp:445          operator()           ] Support for builtin protocol feature 'ONLY_BILL_FIRST_AUTHORIZER' (with digest of '8ba52fe7a3956c5cd3a656a3174b931d3bb2abb45578befc59f283ecd816a405') is enabled with preactivation required
info  2020-06-05T04:06:46.509 thread-0  chain_plugin.cpp:445          operator()           ] Support for builtin protocol feature 'RESTRICT_ACTION_TO_SELF' (with digest of 'ad9e3d8f650687709fd68f4b90b41f7d825a365b02c23a636cef88ac2ac00c43') is enabled with preactivation required
info  2020-06-05T04:06:46.509 thread-0  chain_plugin.cpp:445          operator()           ] Support for builtin protocol feature 'FIX_LINKAUTH_RESTRICTION' (with digest of 'e0fb64b1085cc5538970158d05a009c24e276fb94e1a0bf6a528b48fbc4ff526') is enabled with preactivation required
info  2020-06-05T04:06:46.509 thread-0  chain_plugin.cpp:445          operator()           ] Support for builtin protocol feature 'GET_SENDER' (with digest of 'f0af56d2c5a48d60a4a5b5c903edfb7db3a736a94ed589d0b797df33ff9d3e1d') is enabled with preactivation required
info  2020-06-05T04:06:46.529 thread-0  chain_plugin.cpp:941          plugin_initialize    ] Starting fresh blockchain state using genesis state extracted from blocks.log.
warn  2020-06-05T04:06:46.532 thread-0  chain_plugin.cpp:1134         plugin_initialize    ] 13 St13runtime_error: "state" database dirty flag set
rethrow "state" database dirty flag set: 
    {"what":"\"state\" database dirty flag set"}
    thread-0  chain_plugin.cpp:1134 plugin_initialize

error 2020-06-05T04:06:46.532 thread-0  main.cpp:121                  main                 ] database dirty flag set (likely due to unclean shutdown): replay required
