info  2020-06-12T07:00:29.490 thread-0  chain_plugin.cpp:627          plugin_initialize    ] initializing chain plugin
info  2020-06-12T07:00:29.491 thread-0  chain_plugin.cpp:445          operator()           ] Support for builtin protocol feature 'WTMSIG_BLOCK_SIGNATURES' (with digest of '299dcb6af692324b899b39f16d5a530a33062804e41f09dc97e9f156b4476707') is enabled with preactivation required
info  2020-06-12T07:00:29.492 thread-0  chain_plugin.cpp:555          operator()           ] Saved default specification for builtin protocol feature 'WTMSIG_BLOCK_SIGNATURES' (with digest of '299dcb6af692324b899b39f16d5a530a33062804e41f09dc97e9f156b4476707') to: /Users/brettharvey/Library/Application Support/eosio/nodeos/config/protocol_features/BUILTIN-WTMSIG_BLOCK_SIGNATURES.json
info  2020-06-12T07:00:29.492 thread-0  chain_plugin.cpp:445          operator()           ] Support for builtin protocol feature 'WEBAUTHN_KEY' (with digest of '4fca8bd82bbd181e714e283f83e1b45d95ca5af40fb89ad3977b653c448f78c2') is enabled with preactivation required
info  2020-06-12T07:00:29.492 thread-0  chain_plugin.cpp:555          operator()           ] Saved default specification for builtin protocol feature 'WEBAUTHN_KEY' (with digest of '4fca8bd82bbd181e714e283f83e1b45d95ca5af40fb89ad3977b653c448f78c2') to: /Users/brettharvey/Library/Application Support/eosio/nodeos/config/protocol_features/BUILTIN-WEBAUTHN_KEY.json
info  2020-06-12T07:00:29.493 thread-0  chain_plugin.cpp:445          operator()           ] Support for builtin protocol feature 'RAM_RESTRICTIONS' (with digest of '4e7bf348da00a945489b2a681749eb56f5de00b900014e137ddae39f48f69d67') is enabled with preactivation required
info  2020-06-12T07:00:29.493 thread-0  chain_plugin.cpp:555          operator()           ] Saved default specification for builtin protocol feature 'RAM_RESTRICTIONS' (with digest of '4e7bf348da00a945489b2a681749eb56f5de00b900014e137ddae39f48f69d67') to: /Users/brettharvey/Library/Application Support/eosio/nodeos/config/protocol_features/BUILTIN-RAM_RESTRICTIONS.json
info  2020-06-12T07:00:29.493 thread-0  chain_plugin.cpp:445          operator()           ] Support for builtin protocol feature 'GET_SENDER' (with digest of 'f0af56d2c5a48d60a4a5b5c903edfb7db3a736a94ed589d0b797df33ff9d3e1d') is enabled with preactivation required
info  2020-06-12T07:00:29.494 thread-0  chain_plugin.cpp:555          operator()           ] Saved default specification for builtin protocol feature 'GET_SENDER' (with digest of 'f0af56d2c5a48d60a4a5b5c903edfb7db3a736a94ed589d0b797df33ff9d3e1d') to: /Users/brettharvey/Library/Application Support/eosio/nodeos/config/protocol_features/BUILTIN-GET_SENDER.json
info  2020-06-12T07:00:29.494 thread-0  chain_plugin.cpp:445          operator()           ] Support for builtin protocol feature 'FORWARD_SETCODE' (with digest of '2652f5f96006294109b3dd0bbde63693f55324af452b799ee137a81a905eed25') is enabled with preactivation required
info  2020-06-12T07:00:29.494 thread-0  chain_plugin.cpp:555          operator()           ] Saved default specification for builtin protocol feature 'FORWARD_SETCODE' (with digest of '2652f5f96006294109b3dd0bbde63693f55324af452b799ee137a81a905eed25') to: /Users/brettharvey/Library/Application Support/eosio/nodeos/config/protocol_features/BUILTIN-FORWARD_SETCODE.json
info  2020-06-12T07:00:29.494 thread-0  chain_plugin.cpp:445          operator()           ] Support for builtin protocol feature 'ONLY_BILL_FIRST_AUTHORIZER' (with digest of '8ba52fe7a3956c5cd3a656a3174b931d3bb2abb45578befc59f283ecd816a405') is enabled with preactivation required
info  2020-06-12T07:00:29.495 thread-0  chain_plugin.cpp:555          operator()           ] Saved default specification for builtin protocol feature 'ONLY_BILL_FIRST_AUTHORIZER' (with digest of '8ba52fe7a3956c5cd3a656a3174b931d3bb2abb45578befc59f283ecd816a405') to: /Users/brettharvey/Library/Application Support/eosio/nodeos/config/protocol_features/BUILTIN-ONLY_BILL_FIRST_AUTHORIZER.json
info  2020-06-12T07:00:29.495 thread-0  chain_plugin.cpp:445          operator()           ] Support for builtin protocol feature 'RESTRICT_ACTION_TO_SELF' (with digest of 'ad9e3d8f650687709fd68f4b90b41f7d825a365b02c23a636cef88ac2ac00c43') is enabled with preactivation required
info  2020-06-12T07:00:29.496 thread-0  chain_plugin.cpp:555          operator()           ] Saved default specification for builtin protocol feature 'RESTRICT_ACTION_TO_SELF' (with digest of 'ad9e3d8f650687709fd68f4b90b41f7d825a365b02c23a636cef88ac2ac00c43') to: /Users/brettharvey/Library/Application Support/eosio/nodeos/config/protocol_features/BUILTIN-RESTRICT_ACTION_TO_SELF.json
info  2020-06-12T07:00:29.496 thread-0  chain_plugin.cpp:445          operator()           ] Support for builtin protocol feature 'DISALLOW_EMPTY_PRODUCER_SCHEDULE' (with digest of '68dcaa34c0517d19666e6b33add67351d8c5f69e999ca1e37931bc410a297428') is enabled with preactivation required
info  2020-06-12T07:00:29.496 thread-0  chain_plugin.cpp:555          operator()           ] Saved default specification for builtin protocol feature 'DISALLOW_EMPTY_PRODUCER_SCHEDULE' (with digest of '68dcaa34c0517d19666e6b33add67351d8c5f69e999ca1e37931bc410a297428') to: /Users/brettharvey/Library/Application Support/eosio/nodeos/config/protocol_features/BUILTIN-DISALLOW_EMPTY_PRODUCER_SCHEDULE.json
info  2020-06-12T07:00:29.496 thread-0  chain_plugin.cpp:445          operator()           ] Support for builtin protocol feature 'FIX_LINKAUTH_RESTRICTION' (with digest of 'e0fb64b1085cc5538970158d05a009c24e276fb94e1a0bf6a528b48fbc4ff526') is enabled with preactivation required
info  2020-06-12T07:00:29.497 thread-0  chain_plugin.cpp:555          operator()           ] Saved default specification for builtin protocol feature 'FIX_LINKAUTH_RESTRICTION' (with digest of 'e0fb64b1085cc5538970158d05a009c24e276fb94e1a0bf6a528b48fbc4ff526') to: /Users/brettharvey/Library/Application Support/eosio/nodeos/config/protocol_features/BUILTIN-FIX_LINKAUTH_RESTRICTION.json
info  2020-06-12T07:00:29.497 thread-0  chain_plugin.cpp:445          operator()           ] Support for builtin protocol feature 'REPLACE_DEFERRED' (with digest of 'ef43112c6543b88db2283a2e077278c315ae2c84719a8b25f25cc88565fbea99') is enabled with preactivation required
info  2020-06-12T07:00:29.497 thread-0  chain_plugin.cpp:555          operator()           ] Saved default specification for builtin protocol feature 'REPLACE_DEFERRED' (with digest of 'ef43112c6543b88db2283a2e077278c315ae2c84719a8b25f25cc88565fbea99') to: /Users/brettharvey/Library/Application Support/eosio/nodeos/config/protocol_features/BUILTIN-REPLACE_DEFERRED.json
info  2020-06-12T07:00:29.498 thread-0  chain_plugin.cpp:445          operator()           ] Support for builtin protocol feature 'NO_DUPLICATE_DEFERRED_ID' (with digest of '4a90c00d55454dc5b059055ca213579c6ea856967712a56017487886a4d4cc0f') is enabled with preactivation required
info  2020-06-12T07:00:29.498 thread-0  chain_plugin.cpp:555          operator()           ] Saved default specification for builtin protocol feature 'NO_DUPLICATE_DEFERRED_ID' (with digest of '4a90c00d55454dc5b059055ca213579c6ea856967712a56017487886a4d4cc0f') to: /Users/brettharvey/Library/Application Support/eosio/nodeos/config/protocol_features/BUILTIN-NO_DUPLICATE_DEFERRED_ID.json
info  2020-06-12T07:00:29.498 thread-0  chain_plugin.cpp:445          operator()           ] Support for builtin protocol feature 'ONLY_LINK_TO_EXISTING_PERMISSION' (with digest of '1a99a59d87e06e09ec5b028a9cbb7749b4a5ad8819004365d02dc4379a8b7241') is enabled with preactivation required
info  2020-06-12T07:00:29.499 thread-0  chain_plugin.cpp:555          operator()           ] Saved default specification for builtin protocol feature 'ONLY_LINK_TO_EXISTING_PERMISSION' (with digest of '1a99a59d87e06e09ec5b028a9cbb7749b4a5ad8819004365d02dc4379a8b7241') to: /Users/brettharvey/Library/Application Support/eosio/nodeos/config/protocol_features/BUILTIN-ONLY_LINK_TO_EXISTING_PERMISSION.json
info  2020-06-12T07:00:29.499 thread-0  chain_plugin.cpp:458          operator()           ] Support for builtin protocol feature 'PREACTIVATE_FEATURE' (with digest of '0ec7e080177b2c02b278d5088611686b49d739925a92d9bfcacd7fc6b74053bd') is enabled without activation restrictions
info  2020-06-12T07:00:29.500 thread-0  chain_plugin.cpp:555          operator()           ] Saved default specification for builtin protocol feature 'PREACTIVATE_FEATURE' (with digest of '0ec7e080177b2c02b278d5088611686b49d739925a92d9bfcacd7fc6b74053bd') to: /Users/brettharvey/Library/Application Support/eosio/nodeos/config/protocol_features/BUILTIN-PREACTIVATE_FEATURE.json
info  2020-06-12T07:00:29.501 thread-0  chain_plugin.cpp:1021         plugin_initialize    ] Starting fresh blockchain state using default genesis state.
info  2020-06-12T07:00:30.064 thread-0  platform_timer_accurac:62     compute_and_print_ti ] Checktime timer accuracy: min:1us max:13417us mean:56us stddev:289us
warn  2020-06-12T07:00:30.064 thread-0  platform_timer_accurac:64     compute_and_print_ti ] Checktime timer accuracy on this platform and hardware combination is poor; accuracy of subjective transaction deadline enforcement will suffer
info  2020-06-12T07:00:30.066 thread-0  http_plugin.cpp:715           plugin_initialize    ] configured http to listen on 127.0.0.1:8888
warn  2020-06-12T07:00:30.066 thread-0  history_plugin.cpp:317        plugin_initialize    ] --filter-on * enabled. This can fill shared_mem, causing nodeos to stop.
info  2020-06-12T07:00:30.066 thread-0  main.cpp:106                  main                 ] nodeos version v2.0.6 v2.0.6-c6a7ec0dd816f98a6840f59dca9fed04efd9f7a5
info  2020-06-12T07:00:30.066 thread-0  main.cpp:107                  main                 ] nodeos using configuration file /Users/brettharvey/Library/Application Support/eosio/nodeos/config/config.ini
info  2020-06-12T07:00:30.066 thread-0  main.cpp:108                  main                 ] nodeos data directory is /Users/brettharvey/Library/Application Support/eosio/nodeos/data
warn  2020-06-12T07:00:30.067 thread-0  controller.cpp:580            startup              ] No existing chain state or fork database. Initializing fresh blockchain state and resetting fork database.
warn  2020-06-12T07:00:30.067 thread-0  controller.cpp:450            initialize_blockchai ] Initializing new blockchain with genesis state
info  2020-06-12T07:00:30.130 thread-0  chain_plugin.cpp:1162         plugin_startup       ] starting chain in read/write mode
info  2020-06-12T07:00:30.130 thread-0  chain_plugin.cpp:1167         plugin_startup       ] Blockchain started; head block is #1, genesis timestamp is 2018-06-01T12:00:00.000
info  2020-06-12T07:00:30.131 thread-0  producer_plugin.cpp:947       plugin_startup       ] producer plugin:  plugin_startup() begin
info  2020-06-12T07:00:30.131 thread-0  producer_plugin.cpp:972       plugin_startup       ] Launching block production for 1 producers at 2020-06-12T07:00:30.131.
info  2020-06-12T07:00:30.132 thread-0  producer_plugin.cpp:983       plugin_startup       ] producer plugin:  plugin_startup() end
info  2020-06-12T07:00:30.132 thread-0  producer_api_plugin.cp:89     plugin_startup       ] starting producer_api_plugin
info  2020-06-12T07:00:30.132 thread-0  http_plugin.cpp:895           add_handler          ] add api url: /v1/producer/add_greylist_accounts
info  2020-06-12T07:00:30.132 thread-0  http_plugin.cpp:895           add_handler          ] add api url: /v1/producer/create_snapshot
info  2020-06-12T07:00:30.132 thread-0  http_plugin.cpp:895           add_handler          ] add api url: /v1/producer/get_account_ram_corrections
info  2020-06-12T07:00:30.132 thread-0  http_plugin.cpp:895           add_handler          ] add api url: /v1/producer/get_greylist
info  2020-06-12T07:00:30.132 thread-0  http_plugin.cpp:895           add_handler          ] add api url: /v1/producer/get_integrity_hash
info  2020-06-12T07:00:30.132 thread-0  http_plugin.cpp:895           add_handler          ] add api url: /v1/producer/get_runtime_options
info  2020-06-12T07:00:30.132 thread-0  http_plugin.cpp:895           add_handler          ] add api url: /v1/producer/get_scheduled_protocol_feature_activations
info  2020-06-12T07:00:30.132 thread-0  http_plugin.cpp:895           add_handler          ] add api url: /v1/producer/get_supported_protocol_features
info  2020-06-12T07:00:30.132 thread-0  http_plugin.cpp:895           add_handler          ] add api url: /v1/producer/get_whitelist_blacklist
info  2020-06-12T07:00:30.132 thread-0  http_plugin.cpp:895           add_handler          ] add api url: /v1/producer/pause
info  2020-06-12T07:00:30.132 thread-0  http_plugin.cpp:895           add_handler          ] add api url: /v1/producer/paused
info  2020-06-12T07:00:30.132 thread-0  http_plugin.cpp:895           add_handler          ] add api url: /v1/producer/remove_greylist_accounts
info  2020-06-12T07:00:30.133 thread-0  http_plugin.cpp:895           add_handler          ] add api url: /v1/producer/resume
info  2020-06-12T07:00:30.133 thread-0  http_plugin.cpp:895           add_handler          ] add api url: /v1/producer/schedule_protocol_feature_activations
info  2020-06-12T07:00:30.133 thread-0  http_plugin.cpp:895           add_handler          ] add api url: /v1/producer/set_whitelist_blacklist
info  2020-06-12T07:00:30.133 thread-0  http_plugin.cpp:895           add_handler          ] add api url: /v1/producer/update_runtime_options
info  2020-06-12T07:00:30.133 thread-0  chain_api_plugin.cpp:105      plugin_startup       ] starting chain_api_plugin
info  2020-06-12T07:00:30.133 thread-0  http_plugin.cpp:895           add_handler          ] add api url: /v1/chain/get_info
info  2020-06-12T07:00:30.133 thread-0  http_plugin.cpp:895           add_handler          ] add api url: /v1/chain/abi_bin_to_json
info  2020-06-12T07:00:30.133 thread-0  http_plugin.cpp:895           add_handler          ] add api url: /v1/chain/abi_json_to_bin
info  2020-06-12T07:00:30.133 thread-0  http_plugin.cpp:895           add_handler          ] add api url: /v1/chain/get_abi
info  2020-06-12T07:00:30.133 thread-0  http_plugin.cpp:895           add_handler          ] add api url: /v1/chain/get_account
info  2020-06-12T07:00:30.133 thread-0  http_plugin.cpp:895           add_handler          ] add api url: /v1/chain/get_activated_protocol_features
info  2020-06-12T07:00:30.133 thread-0  http_plugin.cpp:895           add_handler          ] add api url: /v1/chain/get_block
info  2020-06-12T07:00:30.133 thread-0  http_plugin.cpp:895           add_handler          ] add api url: /v1/chain/get_block_header_state
info  2020-06-12T07:00:30.133 thread-0  http_plugin.cpp:895           add_handler          ] add api url: /v1/chain/get_code
info  2020-06-12T07:00:30.133 thread-0  http_plugin.cpp:895           add_handler          ] add api url: /v1/chain/get_code_hash
info  2020-06-12T07:00:30.133 thread-0  http_plugin.cpp:895           add_handler          ] add api url: /v1/chain/get_currency_balance
info  2020-06-12T07:00:30.133 thread-0  http_plugin.cpp:895           add_handler          ] add api url: /v1/chain/get_currency_stats
info  2020-06-12T07:00:30.133 thread-0  http_plugin.cpp:895           add_handler          ] add api url: /v1/chain/get_producer_schedule
info  2020-06-12T07:00:30.133 thread-0  http_plugin.cpp:895           add_handler          ] add api url: /v1/chain/get_producers
info  2020-06-12T07:00:30.134 thread-0  http_plugin.cpp:895           add_handler          ] add api url: /v1/chain/get_raw_abi
info  2020-06-12T07:00:30.134 thread-0  http_plugin.cpp:895           add_handler          ] add api url: /v1/chain/get_raw_code_and_abi
info  2020-06-12T07:00:30.134 thread-0  http_plugin.cpp:895           add_handler          ] add api url: /v1/chain/get_required_keys
info  2020-06-12T07:00:30.134 thread-0  http_plugin.cpp:895           add_handler          ] add api url: /v1/chain/get_scheduled_transactions
info  2020-06-12T07:00:30.134 thread-0  http_plugin.cpp:895           add_handler          ] add api url: /v1/chain/get_table_by_scope
info  2020-06-12T07:00:30.134 thread-0  http_plugin.cpp:895           add_handler          ] add api url: /v1/chain/get_table_rows
info  2020-06-12T07:00:30.134 thread-0  http_plugin.cpp:895           add_handler          ] add api url: /v1/chain/get_transaction_id
info  2020-06-12T07:00:30.134 thread-0  http_plugin.cpp:895           add_handler          ] add api url: /v1/chain/push_block
info  2020-06-12T07:00:30.134 thread-0  http_plugin.cpp:895           add_handler          ] add api url: /v1/chain/push_transaction
info  2020-06-12T07:00:30.134 thread-0  http_plugin.cpp:895           add_handler          ] add api url: /v1/chain/push_transactions
info  2020-06-12T07:00:30.134 thread-0  http_plugin.cpp:895           add_handler          ] add api url: /v1/chain/send_transaction
info  2020-06-12T07:00:30.134 thread-0  history_api_plugin.cpp:34     plugin_startup       ] starting history_api_plugin
info  2020-06-12T07:00:30.134 thread-0  http_plugin.cpp:895           add_handler          ] add api url: /v1/history/get_actions
info  2020-06-12T07:00:30.134 thread-0  http_plugin.cpp:895           add_handler          ] add api url: /v1/history/get_controlled_accounts
info  2020-06-12T07:00:30.134 thread-0  http_plugin.cpp:895           add_handler          ] add api url: /v1/history/get_key_accounts
info  2020-06-12T07:00:30.134 thread-0  http_plugin.cpp:895           add_handler          ] add api url: /v1/history/get_transaction
info  2020-06-12T07:00:30.134 thread-0  net_plugin.cpp:3413           plugin_startup       ] my node_id is 678490d852da96fd07944eb030d0ad7a6128fb6a4514033c115cfcef98eb49c9
info  2020-06-12T07:00:30.135 thread-0  net_plugin.cpp:3469           plugin_startup       ] starting listener, max clients is 25
info  2020-06-12T07:00:30.137 thread-0  http_plugin.cpp:794           operator()           ] start listening for http requests
info  2020-06-12T07:00:30.137 thread-0  http_plugin.cpp:895           add_handler          ] add api url: /v1/node/get_supported_apis
info  2020-06-12T07:00:30.401 thread-0  producer_plugin.cpp:2093      produce_block        ] Produced block 9c793b61b96fc520... #2 @ 2020-06-12T07:00:30.500 signed by eosio [trxs: 0, lib: 1, confirmed: 0]
info  2020-06-12T07:00:30.901 thread-0  producer_plugin.cpp:2093      produce_block        ] Produced block 9c663392e76eafd8... #3 @ 2020-06-12T07:00:31.000 signed by eosio [trxs: 0, lib: 2, confirmed: 0]
info  2020-06-12T07:00:31.401 thread-0  producer_plugin.cpp:2093      produce_block        ] Produced block 379075202444ee78... #4 @ 2020-06-12T07:00:31.500 signed by eosio [trxs: 0, lib: 3, confirmed: 0]
info  2020-06-12T07:00:31.901 thread-0  producer_plugin.cpp:2093      produce_block        ] Produced block 2a9c85d9de2c78c7... #5 @ 2020-06-12T07:00:32.000 signed by eosio [trxs: 0, lib: 4, confirmed: 0]
info  2020-06-12T07:00:32.401 thread-0  producer_plugin.cpp:2093      produce_block        ] Produced block 809871dc3c1d4139... #6 @ 2020-06-12T07:00:32.500 signed by eosio [trxs: 0, lib: 5, confirmed: 0]
info  2020-06-12T07:00:32.901 thread-0  producer_plugin.cpp:2093      produce_block        ] Produced block 0ec1a543fbfcfd7a... #7 @ 2020-06-12T07:00:33.000 signed by eosio [trxs: 0, lib: 6, confirmed: 0]
info  2020-06-12T07:00:33.401 thread-0  producer_plugin.cpp:2093      produce_block        ] Produced block b362608a99e158ae... #8 @ 2020-06-12T07:00:33.500 signed by eosio [trxs: 0, lib: 7, confirmed: 0]
info  2020-06-12T07:00:33.901 thread-0  producer_plugin.cpp:2093      produce_block        ] Produced block 44bcf8063a7f6489... #9 @ 2020-06-12T07:00:34.000 signed by eosio [trxs: 0, lib: 8, confirmed: 0]
info  2020-06-12T07:00:34.402 thread-0  producer_plugin.cpp:2093      produce_block        ] Produced block 7777bca4345b7c0b... #10 @ 2020-06-12T07:00:34.500 signed by eosio [trxs: 0, lib: 9, confirmed: 0]
info  2020-06-12T07:00:34.901 thread-0  producer_plugin.cpp:2093      produce_block        ] Produced block 5e7b2bb5b4d15656... #11 @ 2020-06-12T07:00:35.000 signed by eosio [trxs: 0, lib: 10, confirmed: 0]
info  2020-06-12T07:00:35.302 thread-0  producer_plugin.cpp:2093      produce_block        ] Produced block 0a0b0c4b65a624e6... #12 @ 2020-06-12T07:00:35.500 signed by eosio [trxs: 0, lib: 11, confirmed: 0]
info  2020-06-12T07:00:35.903 thread-0  producer_plugin.cpp:2093      produce_block        ] Produced block 3f78a191011c179f... #13 @ 2020-06-12T07:00:36.000 signed by eosio [trxs: 0, lib: 12, confirmed: 0]
info  2020-06-12T07:00:36.401 thread-0  producer_plugin.cpp:2093      produce_block        ] Produced block 0f65f7b8c5458167... #14 @ 2020-06-12T07:00:36.500 signed by eosio [trxs: 0, lib: 13, confirmed: 0]
info  2020-06-12T07:00:36.901 thread-0  producer_plugin.cpp:2093      produce_block        ] Produced block 8f3737a603e86f84... #15 @ 2020-06-12T07:00:37.000 signed by eosio [trxs: 0, lib: 14, confirmed: 0]
info  2020-06-12T07:00:37.401 thread-0  producer_plugin.cpp:2093      produce_block        ] Produced block 072183f689a2aad2... #16 @ 2020-06-12T07:00:37.500 signed by eosio [trxs: 0, lib: 15, confirmed: 0]
info  2020-06-12T07:00:37.901 thread-0  producer_plugin.cpp:2093      produce_block        ] Produced block 3936e718735c6a44... #17 @ 2020-06-12T07:00:38.000 signed by eosio [trxs: 0, lib: 16, confirmed: 0]
info  2020-06-12T07:00:38.402 thread-0  producer_plugin.cpp:2093      produce_block        ] Produced block 28711bd8b1e11bde... #18 @ 2020-06-12T07:00:38.500 signed by eosio [trxs: 0, lib: 17, confirmed: 0]
info  2020-06-12T07:00:38.901 thread-0  producer_plugin.cpp:2093      produce_block        ] Produced block 9af6a3d2664818eb... #19 @ 2020-06-12T07:00:39.000 signed by eosio [trxs: 0, lib: 18, confirmed: 0]
info  2020-06-12T07:00:39.401 thread-0  producer_plugin.cpp:2093      produce_block        ] Produced block a760c28070f45e72... #20 @ 2020-06-12T07:00:39.500 signed by eosio [trxs: 0, lib: 19, confirmed: 0]
info  2020-06-12T07:00:39.902 thread-0  producer_plugin.cpp:2093      produce_block        ] Produced block d25f4de0b7d06e1b... #21 @ 2020-06-12T07:00:40.000 signed by eosio [trxs: 0, lib: 20, confirmed: 0]
info  2020-06-12T07:00:40.402 thread-0  producer_plugin.cpp:2093      produce_block        ] Produced block e1d9f4d3d1a216aa... #22 @ 2020-06-12T07:00:40.500 signed by eosio [trxs: 0, lib: 21, confirmed: 0]
info  2020-06-12T07:00:40.901 thread-0  producer_plugin.cpp:2093      produce_block        ] Produced block e7472deb6527d63e... #23 @ 2020-06-12T07:00:41.000 signed by eosio [trxs: 0, lib: 22, confirmed: 0]
info  2020-06-12T07:00:41.302 thread-0  producer_plugin.cpp:2093      produce_block        ] Produced block 44e6d383d270da9c... #24 @ 2020-06-12T07:00:41.500 signed by eosio [trxs: 0, lib: 23, confirmed: 0]
info  2020-06-12T07:00:41.901 thread-0  producer_plugin.cpp:2093      produce_block        ] Produced block fa7bd8402bc9b385... #25 @ 2020-06-12T07:00:42.000 signed by eosio [trxs: 0, lib: 24, confirmed: 0]
info  2020-06-12T07:00:42.401 thread-0  producer_plugin.cpp:2093      produce_block        ] Produced block c35b8a80fc31d8d9... #26 @ 2020-06-12T07:00:42.500 signed by eosio [trxs: 0, lib: 25, confirmed: 0]
info  2020-06-12T07:00:42.900 thread-0  producer_plugin.cpp:2093      produce_block        ] Produced block 924e67c6ec3d8d50... #27 @ 2020-06-12T07:00:43.000 signed by eosio [trxs: 0, lib: 26, confirmed: 0]
info  2020-06-12T07:00:43.401 thread-0  producer_plugin.cpp:2093      produce_block        ] Produced block 98052dd51e6f1426... #28 @ 2020-06-12T07:00:43.500 signed by eosio [trxs: 0, lib: 27, confirmed: 0]
info  2020-06-12T07:00:43.902 thread-0  producer_plugin.cpp:2093      produce_block        ] Produced block 99624d66f440342b... #29 @ 2020-06-12T07:00:44.000 signed by eosio [trxs: 0, lib: 28, confirmed: 0]
info  2020-06-12T07:00:44.401 thread-0  producer_plugin.cpp:2093      produce_block        ] Produced block fc618bdb8f2b1dd3... #30 @ 2020-06-12T07:00:44.500 signed by eosio [trxs: 0, lib: 29, confirmed: 0]
info  2020-06-12T07:00:44.901 thread-0  producer_plugin.cpp:2093      produce_block        ] Produced block 578e2e6e21dde8b9... #31 @ 2020-06-12T07:00:45.000 signed by eosio [trxs: 0, lib: 30, confirmed: 0]
info  2020-06-12T07:00:45.402 thread-0  producer_plugin.cpp:2093      produce_block        ] Produced block ba557dbc505ba538... #32 @ 2020-06-12T07:00:45.500 signed by eosio [trxs: 0, lib: 31, confirmed: 0]
info  2020-06-12T07:00:45.903 thread-0  producer_plugin.cpp:2093      produce_block        ] Produced block d8801340c2c4f578... #33 @ 2020-06-12T07:00:46.000 signed by eosio [trxs: 0, lib: 32, confirmed: 0]
info  2020-06-12T07:00:46.402 thread-0  producer_plugin.cpp:2093      produce_block        ] Produced block 8f9b5c225bdf842f... #34 @ 2020-06-12T07:00:46.500 signed by eosio [trxs: 0, lib: 33, confirmed: 0]
info  2020-06-12T07:00:46.902 thread-0  producer_plugin.cpp:2093      produce_block        ] Produced block 3de3464fed1aeeff... #35 @ 2020-06-12T07:00:47.000 signed by eosio [trxs: 0, lib: 34, confirmed: 0]
info  2020-06-12T07:00:47.301 thread-0  producer_plugin.cpp:2093      produce_block        ] Produced block 652217b3b1a0798f... #36 @ 2020-06-12T07:00:47.500 signed by eosio [trxs: 0, lib: 35, confirmed: 0]
info  2020-06-12T07:00:47.901 thread-0  producer_plugin.cpp:2093      produce_block        ] Produced block a96cd8c0f589ec0c... #37 @ 2020-06-12T07:00:48.000 signed by eosio [trxs: 0, lib: 36, confirmed: 0]
info  2020-06-12T07:00:48.401 thread-0  producer_plugin.cpp:2093      produce_block        ] Produced block 3847dd29f075faf5... #38 @ 2020-06-12T07:00:48.500 signed by eosio [trxs: 0, lib: 37, confirmed: 0]
info  2020-06-12T07:00:48.901 thread-0  producer_plugin.cpp:2093      produce_block        ] Produced block 89e645db9d64154e... #39 @ 2020-06-12T07:00:49.000 signed by eosio [trxs: 0, lib: 38, confirmed: 0]
info  2020-06-12T07:00:49.401 thread-0  producer_plugin.cpp:2093      produce_block        ] Produced block 95ac8f4eacc41848... #40 @ 2020-06-12T07:00:49.500 signed by eosio [trxs: 0, lib: 39, confirmed: 0]
info  2020-06-12T07:00:49.901 thread-0  producer_plugin.cpp:2093      produce_block        ] Produced block d26b62c3aceb3a57... #41 @ 2020-06-12T07:00:50.000 signed by eosio [trxs: 0, lib: 40, confirmed: 0]
info  2020-06-12T07:00:50.401 thread-0  producer_plugin.cpp:2093      produce_block        ] Produced block c10b7fd900bf5f39... #42 @ 2020-06-12T07:00:50.500 signed by eosio [trxs: 0, lib: 41, confirmed: 0]
info  2020-06-12T07:00:50.901 thread-0  producer_plugin.cpp:2093      produce_block        ] Produced block 230cf42387bf053b... #43 @ 2020-06-12T07:00:51.000 signed by eosio [trxs: 0, lib: 42, confirmed: 0]
info  2020-06-12T07:00:51.401 thread-0  producer_plugin.cpp:2093      produce_block        ] Produced block 362dde54ba096def... #44 @ 2020-06-12T07:00:51.500 signed by eosio [trxs: 0, lib: 43, confirmed: 0]
info  2020-06-12T07:00:51.902 thread-0  producer_plugin.cpp:2093      produce_block        ] Produced block 50ff29e6c76debf3... #45 @ 2020-06-12T07:00:52.000 signed by eosio [trxs: 0, lib: 44, confirmed: 0]
info  2020-06-12T07:00:52.401 thread-0  producer_plugin.cpp:2093      produce_block        ] Produced block 4312081292774309... #46 @ 2020-06-12T07:00:52.500 signed by eosio [trxs: 0, lib: 45, confirmed: 0]
info  2020-06-12T07:00:52.902 thread-0  producer_plugin.cpp:2093      produce_block        ] Produced block 1b7d80d89fbd0729... #47 @ 2020-06-12T07:00:53.000 signed by eosio [trxs: 0, lib: 46, confirmed: 0]
info  2020-06-12T07:00:53.301 thread-0  producer_plugin.cpp:2093      produce_block        ] Produced block 2e315a08b0e50753... #48 @ 2020-06-12T07:00:53.500 signed by eosio [trxs: 0, lib: 47, confirmed: 0]
info  2020-06-12T07:00:53.900 thread-0  producer_plugin.cpp:2093      produce_block        ] Produced block a094cfeff0f50235... #49 @ 2020-06-12T07:00:54.000 signed by eosio [trxs: 0, lib: 48, confirmed: 0]
info  2020-06-12T07:00:54.402 thread-0  producer_plugin.cpp:2093      produce_block        ] Produced block 65596169b131baaf... #50 @ 2020-06-12T07:00:54.500 signed by eosio [trxs: 0, lib: 49, confirmed: 0]
info  2020-06-12T07:00:54.901 thread-0  producer_plugin.cpp:2093      produce_block        ] Produced block c283e1faf6061df5... #51 @ 2020-06-12T07:00:55.000 signed by eosio [trxs: 0, lib: 50, confirmed: 0]
info  2020-06-12T07:00:55.401 thread-0  producer_plugin.cpp:2093      produce_block        ] Produced block eb0701307715274f... #52 @ 2020-06-12T07:00:55.500 signed by eosio [trxs: 0, lib: 51, confirmed: 0]
info  2020-06-12T07:00:55.901 thread-0  producer_plugin.cpp:2093      produce_block        ] Produced block ed433ea039a4db62... #53 @ 2020-06-12T07:00:56.000 signed by eosio [trxs: 0, lib: 52, confirmed: 0]
info  2020-06-12T07:00:56.401 thread-0  producer_plugin.cpp:2093      produce_block        ] Produced block 19110d3abdfc09a8... #54 @ 2020-06-12T07:00:56.500 signed by eosio [trxs: 0, lib: 53, confirmed: 0]
info  2020-06-12T07:00:56.900 thread-0  producer_plugin.cpp:2093      produce_block        ] Produced block de9bf20842432158... #55 @ 2020-06-12T07:00:57.000 signed by eosio [trxs: 0, lib: 54, confirmed: 0]
info  2020-06-12T07:00:57.401 thread-0  producer_plugin.cpp:2093      produce_block        ] Produced block 85cce49a236177d3... #56 @ 2020-06-12T07:00:57.500 signed by eosio [trxs: 0, lib: 55, confirmed: 0]
info  2020-06-12T07:00:57.901 thread-0  producer_plugin.cpp:2093      produce_block        ] Produced block 5af9c87a73be896b... #57 @ 2020-06-12T07:00:58.000 signed by eosio [trxs: 0, lib: 56, confirmed: 0]
info  2020-06-12T07:00:58.402 thread-0  producer_plugin.cpp:2093      produce_block        ] Produced block 793a332aba0737a5... #58 @ 2020-06-12T07:00:58.500 signed by eosio [trxs: 0, lib: 57, confirmed: 0]
info  2020-06-12T07:00:58.901 thread-0  producer_plugin.cpp:2093      produce_block        ] Produced block fe7a3f593caec708... #59 @ 2020-06-12T07:00:59.000 signed by eosio [trxs: 0, lib: 58, confirmed: 0]
info  2020-06-12T07:00:59.300 thread-0  producer_plugin.cpp:2093      produce_block        ] Produced block 02104bf9ce396d12... #60 @ 2020-06-12T07:00:59.500 signed by eosio [trxs: 0, lib: 59, confirmed: 0]
info  2020-06-12T07:00:59.902 thread-0  producer_plugin.cpp:2093      produce_block        ] Produced block 8f97024fbcba95fa... #61 @ 2020-06-12T07:01:00.000 signed by eosio [trxs: 0, lib: 60, confirmed: 0]
info  2020-06-12T07:01:00.401 thread-0  producer_plugin.cpp:2093      produce_block        ] Produced block 030f9af47c73b7dc... #62 @ 2020-06-12T07:01:00.500 signed by eosio [trxs: 0, lib: 61, confirmed: 0]
info  2020-06-12T07:01:00.901 thread-0  producer_plugin.cpp:2093      produce_block        ] Produced block a9f5025df3149c6a... #63 @ 2020-06-12T07:01:01.000 signed by eosio [trxs: 0, lib: 62, confirmed: 0]
info  2020-06-12T07:01:01.401 thread-0  producer_plugin.cpp:2093      produce_block        ] Produced block be811fc41725e35e... #64 @ 2020-06-12T07:01:01.500 signed by eosio [trxs: 0, lib: 63, confirmed: 0]
info  2020-06-12T07:01:01.901 thread-0  producer_plugin.cpp:2093      produce_block        ] Produced block c1114005542c6609... #65 @ 2020-06-12T07:01:02.000 signed by eosio [trxs: 0, lib: 64, confirmed: 0]
info  2020-06-12T07:01:02.401 thread-0  producer_plugin.cpp:2093      produce_block        ] Produced block ea5841419179735f... #66 @ 2020-06-12T07:01:02.500 signed by eosio [trxs: 0, lib: 65, confirmed: 0]
info  2020-06-12T07:01:02.901 thread-0  producer_plugin.cpp:2093      produce_block        ] Produced block 040409b21c0ac424... #67 @ 2020-06-12T07:01:03.000 signed by eosio [trxs: 0, lib: 66, confirmed: 0]
info  2020-06-12T07:01:03.401 thread-0  producer_plugin.cpp:2093      produce_block        ] Produced block 6b7fdb4c3b0c33cc... #68 @ 2020-06-12T07:01:03.500 signed by eosio [trxs: 0, lib: 67, confirmed: 0]
info  2020-06-12T07:01:03.901 thread-0  producer_plugin.cpp:2093      produce_block        ] Produced block b0b06bb86a2e5619... #69 @ 2020-06-12T07:01:04.000 signed by eosio [trxs: 0, lib: 68, confirmed: 0]
info  2020-06-12T07:01:04.401 thread-0  producer_plugin.cpp:2093      produce_block        ] Produced block 519f45a51388fb8c... #70 @ 2020-06-12T07:01:04.500 signed by eosio [trxs: 0, lib: 69, confirmed: 0]
info  2020-06-12T07:01:04.901 thread-0  producer_plugin.cpp:2093      produce_block        ] Produced block 1b6afc8814a53bbc... #71 @ 2020-06-12T07:01:05.000 signed by eosio [trxs: 0, lib: 70, confirmed: 0]
info  2020-06-12T07:01:05.301 thread-0  producer_plugin.cpp:2093      produce_block        ] Produced block cab72bef6657be22... #72 @ 2020-06-12T07:01:05.500 signed by eosio [trxs: 0, lib: 71, confirmed: 0]
info  2020-06-12T07:01:05.901 thread-0  producer_plugin.cpp:2093      produce_block        ] Produced block b8c86e3d08b9c896... #73 @ 2020-06-12T07:01:06.000 signed by eosio [trxs: 0, lib: 72, confirmed: 0]
info  2020-06-12T07:01:06.401 thread-0  producer_plugin.cpp:2093      produce_block        ] Produced block 2be49ca5c5e17e92... #74 @ 2020-06-12T07:01:06.500 signed by eosio [trxs: 0, lib: 73, confirmed: 0]
info  2020-06-12T07:01:06.901 thread-0  producer_plugin.cpp:2093      produce_block        ] Produced block 140e897e51dec457... #75 @ 2020-06-12T07:01:07.000 signed by eosio [trxs: 0, lib: 74, confirmed: 0]
info  2020-06-12T07:01:07.401 thread-0  producer_plugin.cpp:2093      produce_block        ] Produced block 955890570aad10ab... #76 @ 2020-06-12T07:01:07.500 signed by eosio [trxs: 0, lib: 75, confirmed: 0]
info  2020-06-12T07:01:07.900 thread-0  producer_plugin.cpp:2093      produce_block        ] Produced block ee6da77d30c7590d... #77 @ 2020-06-12T07:01:08.000 signed by eosio [trxs: 0, lib: 76, confirmed: 0]
info  2020-06-12T07:01:08.402 thread-0  producer_plugin.cpp:2093      produce_block        ] Produced block 1f3b849c37464303... #78 @ 2020-06-12T07:01:08.500 signed by eosio [trxs: 0, lib: 77, confirmed: 0]
info  2020-06-12T07:01:08.901 thread-0  producer_plugin.cpp:2093      produce_block        ] Produced block 0cbae9d8e3d5e70d... #79 @ 2020-06-12T07:01:09.000 signed by eosio [trxs: 0, lib: 78, confirmed: 0]
info  2020-06-12T07:01:09.402 thread-0  producer_plugin.cpp:2093      produce_block        ] Produced block 145ad31b448c5e19... #80 @ 2020-06-12T07:01:09.500 signed by eosio [trxs: 0, lib: 79, confirmed: 0]
info  2020-06-12T07:01:09.901 thread-0  producer_plugin.cpp:2093      produce_block        ] Produced block 1939b21ef8529f0c... #81 @ 2020-06-12T07:01:10.000 signed by eosio [trxs: 0, lib: 80, confirmed: 0]
info  2020-06-12T07:01:10.401 thread-0  producer_plugin.cpp:2093      produce_block        ] Produced block 30888d80859aec8d... #82 @ 2020-06-12T07:01:10.500 signed by eosio [trxs: 0, lib: 81, confirmed: 0]
info  2020-06-12T07:01:10.902 thread-0  producer_plugin.cpp:2093      produce_block        ] Produced block ee8972afb6db84b4... #83 @ 2020-06-12T07:01:11.000 signed by eosio [trxs: 0, lib: 82, confirmed: 0]
info  2020-06-12T07:01:11.301 thread-0  producer_plugin.cpp:2093      produce_block        ] Produced block 0ab72bc47e227b8d... #84 @ 2020-06-12T07:01:11.500 signed by eosio [trxs: 0, lib: 83, confirmed: 0]
info  2020-06-12T07:01:11.902 thread-0  producer_plugin.cpp:2093      produce_block        ] Produced block 2a8ab6f42d27fa88... #85 @ 2020-06-12T07:01:12.000 signed by eosio [trxs: 0, lib: 84, confirmed: 0]
info  2020-06-12T07:01:12.401 thread-0  producer_plugin.cpp:2093      produce_block        ] Produced block 16bd892414f48adb... #86 @ 2020-06-12T07:01:12.500 signed by eosio [trxs: 0, lib: 85, confirmed: 0]
info  2020-06-12T07:01:12.902 thread-0  producer_plugin.cpp:2093      produce_block        ] Produced block 6efbc00f2da6670b... #87 @ 2020-06-12T07:01:13.000 signed by eosio [trxs: 0, lib: 86, confirmed: 0]
info  2020-06-12T07:01:13.401 thread-0  producer_plugin.cpp:2093      produce_block        ] Produced block 084fc591e4c7e1e7... #88 @ 2020-06-12T07:01:13.500 signed by eosio [trxs: 0, lib: 87, confirmed: 0]
info  2020-06-12T07:01:13.901 thread-0  producer_plugin.cpp:2093      produce_block        ] Produced block fd7a00ee574298a0... #89 @ 2020-06-12T07:01:14.000 signed by eosio [trxs: 0, lib: 88, confirmed: 0]
info  2020-06-12T07:01:14.401 thread-0  producer_plugin.cpp:2093      produce_block        ] Produced block 3828124567f98807... #90 @ 2020-06-12T07:01:14.500 signed by eosio [trxs: 0, lib: 89, confirmed: 0]
info  2020-06-12T07:01:14.901 thread-0  producer_plugin.cpp:2093      produce_block        ] Produced block 7488e85654f85e47... #91 @ 2020-06-12T07:01:15.000 signed by eosio [trxs: 0, lib: 90, confirmed: 0]
info  2020-06-12T07:01:15.401 thread-0  producer_plugin.cpp:2093      produce_block        ] Produced block 654674cb17254c65... #92 @ 2020-06-12T07:01:15.500 signed by eosio [trxs: 0, lib: 91, confirmed: 0]
info  2020-06-12T07:01:15.902 thread-0  producer_plugin.cpp:2093      produce_block        ] Produced block a726f48b0c42d3bb... #93 @ 2020-06-12T07:01:16.000 signed by eosio [trxs: 0, lib: 92, confirmed: 0]
info  2020-06-12T07:01:16.401 thread-0  producer_plugin.cpp:2093      produce_block        ] Produced block 937524ea2067be66... #94 @ 2020-06-12T07:01:16.500 signed by eosio [trxs: 0, lib: 93, confirmed: 0]
info  2020-06-12T07:01:16.902 thread-0  producer_plugin.cpp:2093      produce_block        ] Produced block 76fe3f19ab6c04ba... #95 @ 2020-06-12T07:01:17.000 signed by eosio [trxs: 0, lib: 94, confirmed: 0]
info  2020-06-12T07:01:17.300 thread-0  producer_plugin.cpp:2093      produce_block        ] Produced block 13a13d97299a0b15... #96 @ 2020-06-12T07:01:17.500 signed by eosio [trxs: 0, lib: 95, confirmed: 0]
info  2020-06-12T07:01:17.902 thread-0  producer_plugin.cpp:2093      produce_block        ] Produced block 90ae72e9a8f64827... #97 @ 2020-06-12T07:01:18.000 signed by eosio [trxs: 0, lib: 96, confirmed: 0]
info  2020-06-12T07:01:18.400 thread-0  producer_plugin.cpp:2093      produce_block        ] Produced block f73c168757124215... #98 @ 2020-06-12T07:01:18.500 signed by eosio [trxs: 0, lib: 97, confirmed: 0]
info  2020-06-12T07:01:18.903 thread-0  producer_plugin.cpp:2093      produce_block        ] Produced block 4ceee217855e8103... #99 @ 2020-06-12T07:01:19.000 signed by eosio [trxs: 0, lib: 98, confirmed: 0]
info  2020-06-12T07:01:19.401 thread-0  producer_plugin.cpp:2093      produce_block        ] Produced block e2ef1b17e94a0cdf... #100 @ 2020-06-12T07:01:19.500 signed by eosio [trxs: 0, lib: 99, confirmed: 0]
info  2020-06-12T07:01:19.902 thread-0  producer_plugin.cpp:2093      produce_block        ] Produced block eeca7759da07dbe7... #101 @ 2020-06-12T07:01:20.000 signed by eosio [trxs: 0, lib: 100, confirmed: 0]
info  2020-06-12T07:01:20.402 thread-0  producer_plugin.cpp:2093      produce_block        ] Produced block 6c0ff834729122e5... #102 @ 2020-06-12T07:01:20.500 signed by eosio [trxs: 0, lib: 101, confirmed: 0]
info  2020-06-12T07:01:20.904 thread-0  producer_plugin.cpp:2093      produce_block        ] Produced block ddcf2e725db7161c... #103 @ 2020-06-12T07:01:21.000 signed by eosio [trxs: 0, lib: 102, confirmed: 0]
info  2020-06-12T07:01:21.402 thread-0  producer_plugin.cpp:2093      produce_block        ] Produced block e33a09e77a6565ea... #104 @ 2020-06-12T07:01:21.500 signed by eosio [trxs: 1, lib: 103, confirmed: 0]
info  2020-06-12T07:01:21.900 thread-0  producer_plugin.cpp:2093      produce_block        ] Produced block 206961d4c924021c... #105 @ 2020-06-12T07:01:22.000 signed by eosio [trxs: 0, lib: 104, confirmed: 0]
info  2020-06-12T07:01:22.401 thread-0  producer_plugin.cpp:2093      produce_block        ] Produced block 2eef1de68c25f157... #106 @ 2020-06-12T07:01:22.500 signed by eosio [trxs: 0, lib: 105, confirmed: 0]
info  2020-06-12T07:01:22.901 thread-0  producer_plugin.cpp:2093      produce_block        ] Produced block 7b18b7742d54e501... #107 @ 2020-06-12T07:01:23.000 signed by eosio [trxs: 0, lib: 106, confirmed: 0]
info  2020-06-12T07:01:23.301 thread-0  producer_plugin.cpp:2093      produce_block        ] Produced block 46a7838a6668b193... #108 @ 2020-06-12T07:01:23.500 signed by eosio [trxs: 0, lib: 107, confirmed: 0]
info  2020-06-12T07:01:23.901 thread-0  producer_plugin.cpp:2093      produce_block        ] Produced block 1f5fcd8e697877ea... #109 @ 2020-06-12T07:01:24.000 signed by eosio [trxs: 0, lib: 108, confirmed: 0]
info  2020-06-12T07:01:24.401 thread-0  producer_plugin.cpp:2093      produce_block        ] Produced block afc80f7be1355fc2... #110 @ 2020-06-12T07:01:24.500 signed by eosio [trxs: 0, lib: 109, confirmed: 0]
info  2020-06-12T07:01:24.901 thread-0  producer_plugin.cpp:2093      produce_block        ] Produced block 8fe74bd6a3ce03ef... #111 @ 2020-06-12T07:01:25.000 signed by eosio [trxs: 0, lib: 110, confirmed: 0]
info  2020-06-12T07:01:25.400 thread-0  producer_plugin.cpp:2093      produce_block        ] Produced block 51671f9f29525325... #112 @ 2020-06-12T07:01:25.500 signed by eosio [trxs: 0, lib: 111, confirmed: 0]
info  2020-06-12T07:01:25.901 thread-0  producer_plugin.cpp:2093      produce_block        ] Produced block 0186519658c9aa79... #113 @ 2020-06-12T07:01:26.000 signed by eosio [trxs: 0, lib: 112, confirmed: 0]
info  2020-06-12T07:01:26.402 thread-0  producer_plugin.cpp:2093      produce_block        ] Produced block e05ab550c818d371... #114 @ 2020-06-12T07:01:26.500 signed by eosio [trxs: 0, lib: 113, confirmed: 0]
info  2020-06-12T07:01:26.900 thread-0  producer_plugin.cpp:2093      produce_block        ] Produced block 5560ac07de3d7bcc... #115 @ 2020-06-12T07:01:27.000 signed by eosio [trxs: 0, lib: 114, confirmed: 0]
info  2020-06-12T07:01:27.401 thread-0  producer_plugin.cpp:2093      produce_block        ] Produced block 7b3bb19c9c720328... #116 @ 2020-06-12T07:01:27.500 signed by eosio [trxs: 0, lib: 115, confirmed: 0]
info  2020-06-12T07:01:27.903 thread-0  producer_plugin.cpp:2093      produce_block        ] Produced block 31e15db8815d84bc... #117 @ 2020-06-12T07:01:28.000 signed by eosio [trxs: 0, lib: 116, confirmed: 0]
info  2020-06-12T07:01:28.402 thread-0  producer_plugin.cpp:2093      produce_block        ] Produced block 97d370fe3c0ae1ca... #118 @ 2020-06-12T07:01:28.500 signed by eosio [trxs: 0, lib: 117, confirmed: 0]
info  2020-06-12T07:01:28.902 thread-0  producer_plugin.cpp:2093      produce_block        ] Produced block fbc9e1425089fd96... #119 @ 2020-06-12T07:01:29.000 signed by eosio [trxs: 0, lib: 118, confirmed: 0]
info  2020-06-12T07:01:29.301 thread-0  producer_plugin.cpp:2093      produce_block        ] Produced block c699a7b99855aa10... #120 @ 2020-06-12T07:01:29.500 signed by eosio [trxs: 0, lib: 119, confirmed: 0]
info  2020-06-12T07:01:29.902 thread-0  producer_plugin.cpp:2093      produce_block        ] Produced block 1d8114924bca7927... #121 @ 2020-06-12T07:01:30.000 signed by eosio [trxs: 0, lib: 120, confirmed: 0]
info  2020-06-12T07:01:30.401 thread-0  producer_plugin.cpp:2093      produce_block        ] Produced block b6a2af0b2106c897... #122 @ 2020-06-12T07:01:30.500 signed by eosio [trxs: 0, lib: 121, confirmed: 0]
info  2020-06-12T07:01:30.902 thread-0  producer_plugin.cpp:2093      produce_block        ] Produced block 651d0eff78c1d71d... #123 @ 2020-06-12T07:01:31.000 signed by eosio [trxs: 0, lib: 122, confirmed: 0]
info  2020-06-12T07:01:31.403 thread-0  producer_plugin.cpp:2093      produce_block        ] Produced block 6a61c432667485d4... #124 @ 2020-06-12T07:01:31.500 signed by eosio [trxs: 0, lib: 123, confirmed: 0]
info  2020-06-12T07:01:31.909 thread-0  producer_plugin.cpp:2093      produce_block        ] Produced block fc64ff9ce83dc951... #125 @ 2020-06-12T07:01:32.000 signed by eosio [trxs: 0, lib: 124, confirmed: 0]
info  2020-06-12T07:01:32.402 thread-0  producer_plugin.cpp:2093      produce_block        ] Produced block 55ef3adaec826ed5... #126 @ 2020-06-12T07:01:32.500 signed by eosio [trxs: 0, lib: 125, confirmed: 0]
info  2020-06-12T07:01:32.902 thread-0  producer_plugin.cpp:2093      produce_block        ] Produced block ef20d2f44874d1cf... #127 @ 2020-06-12T07:01:33.000 signed by eosio [trxs: 0, lib: 126, confirmed: 0]
info  2020-06-12T07:01:33.402 thread-0  producer_plugin.cpp:2093      produce_block        ] Produced block 49e7a7a537d09b7b... #128 @ 2020-06-12T07:01:33.500 signed by eosio [trxs: 0, lib: 127, confirmed: 0]
info  2020-06-12T07:01:33.902 thread-0  producer_plugin.cpp:2093      produce_block        ] Produced block b57837f5c3095b8c... #129 @ 2020-06-12T07:01:34.000 signed by eosio [trxs: 0, lib: 128, confirmed: 0]
info  2020-06-12T07:01:34.400 thread-0  producer_plugin.cpp:2093      produce_block        ] Produced block ccd06d31188bc8e2... #130 @ 2020-06-12T07:01:34.500 signed by eosio [trxs: 0, lib: 129, confirmed: 0]
info  2020-06-12T07:01:34.901 thread-0  producer_plugin.cpp:2093      produce_block        ] Produced block d717a923128ddbbc... #131 @ 2020-06-12T07:01:35.000 signed by eosio [trxs: 0, lib: 130, confirmed: 0]
info  2020-06-12T07:01:35.301 thread-0  producer_plugin.cpp:2093      produce_block        ] Produced block fb949858deb9aef5... #132 @ 2020-06-12T07:01:35.500 signed by eosio [trxs: 0, lib: 131, confirmed: 0]
info  2020-06-12T07:01:35.901 thread-0  producer_plugin.cpp:2093      produce_block        ] Produced block e2f7ce1e05625860... #133 @ 2020-06-12T07:01:36.000 signed by eosio [trxs: 0, lib: 132, confirmed: 0]
info  2020-06-12T07:01:36.400 thread-0  producer_plugin.cpp:2093      produce_block        ] Produced block 9ab004290d060699... #134 @ 2020-06-12T07:01:36.500 signed by eosio [trxs: 0, lib: 133, confirmed: 0]
info  2020-06-12T07:01:36.901 thread-0  producer_plugin.cpp:2093      produce_block        ] Produced block 231184d7e79cdf6f... #135 @ 2020-06-12T07:01:37.000 signed by eosio [trxs: 0, lib: 134, confirmed: 0]
info  2020-06-12T07:01:37.401 thread-0  producer_plugin.cpp:2093      produce_block        ] Produced block d7dbfcd181d87885... #136 @ 2020-06-12T07:01:37.500 signed by eosio [trxs: 0, lib: 135, confirmed: 0]
info  2020-06-12T07:01:37.902 thread-0  producer_plugin.cpp:2093      produce_block        ] Produced block 1f010f0c6485b943... #137 @ 2020-06-12T07:01:38.000 signed by eosio [trxs: 0, lib: 136, confirmed: 0]
info  2020-06-12T07:01:38.401 thread-0  producer_plugin.cpp:2093      produce_block        ] Produced block 069e068c5b2bea60... #138 @ 2020-06-12T07:01:38.500 signed by eosio [trxs: 0, lib: 137, confirmed: 0]
info  2020-06-12T07:01:38.901 thread-0  producer_plugin.cpp:2093      produce_block        ] Produced block 03b16586010f4c21... #139 @ 2020-06-12T07:01:39.000 signed by eosio [trxs: 0, lib: 138, confirmed: 0]
info  2020-06-12T07:01:39.400 thread-0  producer_plugin.cpp:2093      produce_block        ] Produced block 243663cacbeab49c... #140 @ 2020-06-12T07:01:39.500 signed by eosio [trxs: 0, lib: 139, confirmed: 0]
info  2020-06-12T07:01:39.901 thread-0  producer_plugin.cpp:2093      produce_block        ] Produced block 5644fb26523cc9d3... #141 @ 2020-06-12T07:01:40.000 signed by eosio [trxs: 0, lib: 140, confirmed: 0]
info  2020-06-12T07:01:40.401 thread-0  producer_plugin.cpp:2093      produce_block        ] Produced block 29c6ce478dd6d47a... #142 @ 2020-06-12T07:01:40.500 signed by eosio [trxs: 0, lib: 141, confirmed: 0]
info  2020-06-12T07:01:40.901 thread-0  producer_plugin.cpp:2093      produce_block        ] Produced block dac95baaa6104b70... #143 @ 2020-06-12T07:01:41.000 signed by eosio [trxs: 0, lib: 142, confirmed: 0]
info  2020-06-12T07:01:41.302 thread-0  producer_plugin.cpp:2093      produce_block        ] Produced block 62d34ba3fa5c54bb... #144 @ 2020-06-12T07:01:41.500 signed by eosio [trxs: 0, lib: 143, confirmed: 0]
info  2020-06-12T07:01:41.901 thread-0  producer_plugin.cpp:2093      produce_block        ] Produced block 7db2ae970f641c76... #145 @ 2020-06-12T07:01:42.000 signed by eosio [trxs: 0, lib: 144, confirmed: 0]
info  2020-06-12T07:01:42.401 thread-0  producer_plugin.cpp:2093      produce_block        ] Produced block d594c70c600fceb6... #146 @ 2020-06-12T07:01:42.500 signed by eosio [trxs: 0, lib: 145, confirmed: 0]
info  2020-06-12T07:01:42.900 thread-0  producer_plugin.cpp:2093      produce_block        ] Produced block 0bd4f52009d7cd5a... #147 @ 2020-06-12T07:01:43.000 signed by eosio [trxs: 0, lib: 146, confirmed: 0]
info  2020-06-12T07:01:43.401 thread-0  producer_plugin.cpp:2093      produce_block        ] Produced block 800c7922745a56f1... #148 @ 2020-06-12T07:01:43.500 signed by eosio [trxs: 0, lib: 147, confirmed: 0]
info  2020-06-12T07:01:43.901 thread-0  producer_plugin.cpp:2093      produce_block        ] Produced block 12cc2dbc78ddb052... #149 @ 2020-06-12T07:01:44.000 signed by eosio [trxs: 0, lib: 148, confirmed: 0]
info  2020-06-12T07:01:44.402 thread-0  producer_plugin.cpp:2093      produce_block        ] Produced block e5cda13e3e364212... #150 @ 2020-06-12T07:01:44.500 signed by eosio [trxs: 0, lib: 149, confirmed: 0]
info  2020-06-12T07:01:44.901 thread-0  producer_plugin.cpp:2093      produce_block        ] Produced block 3c1d2f713bf5fb0b... #151 @ 2020-06-12T07:01:45.000 signed by eosio [trxs: 0, lib: 150, confirmed: 0]
info  2020-06-12T07:01:45.402 thread-0  producer_plugin.cpp:2093      produce_block        ] Produced block ff86855ed7beeaf0... #152 @ 2020-06-12T07:01:45.500 signed by eosio [trxs: 0, lib: 151, confirmed: 0]
info  2020-06-12T07:01:45.901 thread-0  producer_plugin.cpp:2093      produce_block        ] Produced block 70e927b8b2479ee1... #153 @ 2020-06-12T07:01:46.000 signed by eosio [trxs: 0, lib: 152, confirmed: 0]
info  2020-06-12T07:01:46.401 thread-0  producer_plugin.cpp:2093      produce_block        ] Produced block 151b022ca00aed29... #154 @ 2020-06-12T07:01:46.500 signed by eosio [trxs: 0, lib: 153, confirmed: 0]
info  2020-06-12T07:01:46.901 thread-0  producer_plugin.cpp:2093      produce_block        ] Produced block 2cfbf79485dd6b75... #155 @ 2020-06-12T07:01:47.000 signed by eosio [trxs: 0, lib: 154, confirmed: 0]
info  2020-06-12T07:01:47.301 thread-0  producer_plugin.cpp:2093      produce_block        ] Produced block be221c1808b90ce8... #156 @ 2020-06-12T07:01:47.500 signed by eosio [trxs: 0, lib: 155, confirmed: 0]
info  2020-06-12T07:01:47.901 thread-0  producer_plugin.cpp:2093      produce_block        ] Produced block 5deefcabd6606280... #157 @ 2020-06-12T07:01:48.000 signed by eosio [trxs: 0, lib: 156, confirmed: 0]
info  2020-06-12T07:01:48.401 thread-0  producer_plugin.cpp:2093      produce_block        ] Produced block 92db7ecd614b09cc... #158 @ 2020-06-12T07:01:48.500 signed by eosio [trxs: 0, lib: 157, confirmed: 0]
info  2020-06-12T07:01:48.901 thread-0  producer_plugin.cpp:2093      produce_block        ] Produced block 2a32a6654c455da4... #159 @ 2020-06-12T07:01:49.000 signed by eosio [trxs: 0, lib: 158, confirmed: 0]
info  2020-06-12T07:01:49.401 thread-0  producer_plugin.cpp:2093      produce_block        ] Produced block 4d3f943324164b3e... #160 @ 2020-06-12T07:01:49.500 signed by eosio [trxs: 0, lib: 159, confirmed: 0]
info  2020-06-12T07:01:49.901 thread-0  producer_plugin.cpp:2093      produce_block        ] Produced block 3debaef28750dbd0... #161 @ 2020-06-12T07:01:50.000 signed by eosio [trxs: 0, lib: 160, confirmed: 0]
info  2020-06-12T07:01:50.410 thread-0  producer_plugin.cpp:2093      produce_block        ] Produced block 23753955e3ceba80... #162 @ 2020-06-12T07:01:50.500 signed by eosio [trxs: 0, lib: 161, confirmed: 0]
info  2020-06-12T07:01:50.901 thread-0  producer_plugin.cpp:2093      produce_block        ] Produced block 9df522845eeff976... #163 @ 2020-06-12T07:01:51.000 signed by eosio [trxs: 0, lib: 162, confirmed: 0]
info  2020-06-12T07:01:51.401 thread-0  producer_plugin.cpp:2093      produce_block        ] Produced block 33c45e9bdab4b344... #164 @ 2020-06-12T07:01:51.500 signed by eosio [trxs: 0, lib: 163, confirmed: 0]
info  2020-06-12T07:01:51.901 thread-0  producer_plugin.cpp:2093      produce_block        ] Produced block a9eb777698bd3152... #165 @ 2020-06-12T07:01:52.000 signed by eosio [trxs: 0, lib: 164, confirmed: 0]
info  2020-06-12T07:01:52.402 thread-0  producer_plugin.cpp:2093      produce_block        ] Produced block a55402271b4a4b91... #166 @ 2020-06-12T07:01:52.500 signed by eosio [trxs: 0, lib: 165, confirmed: 0]
info  2020-06-12T07:01:52.901 thread-0  producer_plugin.cpp:2093      produce_block        ] Produced block e7e5d0a55fcd051d... #167 @ 2020-06-12T07:01:53.000 signed by eosio [trxs: 0, lib: 166, confirmed: 0]
info  2020-06-12T07:01:53.301 thread-0  producer_plugin.cpp:2093      produce_block        ] Produced block 2228040889fabaff... #168 @ 2020-06-12T07:01:53.500 signed by eosio [trxs: 0, lib: 167, confirmed: 0]
info  2020-06-12T07:01:53.902 thread-0  producer_plugin.cpp:2093      produce_block        ] Produced block fe37fc22877608d9... #169 @ 2020-06-12T07:01:54.000 signed by eosio [trxs: 0, lib: 168, confirmed: 0]
info  2020-06-12T07:01:54.401 thread-0  producer_plugin.cpp:2093      produce_block        ] Produced block a0bfb165428911c9... #170 @ 2020-06-12T07:01:54.500 signed by eosio [trxs: 0, lib: 169, confirmed: 0]
info  2020-06-12T07:01:54.902 thread-0  producer_plugin.cpp:2093      produce_block        ] Produced block c6759058026abd34... #171 @ 2020-06-12T07:01:55.000 signed by eosio [trxs: 0, lib: 170, confirmed: 0]
info  2020-06-12T07:01:55.402 thread-0  producer_plugin.cpp:2093      produce_block        ] Produced block a18bd27de718cafb... #172 @ 2020-06-12T07:01:55.500 signed by eosio [trxs: 0, lib: 171, confirmed: 0]
info  2020-06-12T07:01:55.904 thread-0  producer_plugin.cpp:2093      produce_block        ] Produced block c89863752533633b... #173 @ 2020-06-12T07:01:56.000 signed by eosio [trxs: 0, lib: 172, confirmed: 0]
